Platform/Android/app/build/intermediates/manifest_merge_blame_file/debug/processDebugMainManifest/manifest-merger-blame-debug-report.txt
1<?xml version="1.0" encoding="utf-8"?>
2<manifest xmlns:android="http://schemas.android.com/apk/res/android"
3    package="com.vanguard.engine"
4    android:versionCode="1"
5    android:versionName="0.1.0" >
6
7    <uses-sdk
8        android:minSdkVersion="24"
9        android:targetSdkVersion="34" />
10
11    <uses-feature
11-->src/main/AndroidManifest.xml:5:5-78
12        android:glEsVersion="0x00030000"
12-->src/main/AndroidManifest.xml:5:19-51
13        android:required="true" />
13-->src/main/AndroidManifest.xml:5:52-75
14    <uses-feature
14-->src/main/AndroidManifest.xml:6:5-142
15        android:name="android.hardware.vulkan.version"
15-->src/main/AndroidManifest.xml:6:19-65
16        android:required="true"
16-->src/main/AndroidManifest.xml:6:116-139
17        android:versionMajor="1"
17-->src/main/AndroidManifest.xml:6:66-90
18        android:versionMinor="0" />
18-->src/main/AndroidManifest.xml:6:91-115
19
20    <application
20-->src/main/AndroidManifest.xml:8:5-29:19
21        android:allowBackup="false"
21-->src/main/AndroidManifest.xml:9:9-36
22        android:debuggable="true"
23        android:extractNativeLibs="false"
24        android:hasCode="true"
24-->src/main/AndroidManifest.xml:13:9-31
25        android:icon="@mipmap/ic_launcher"
25-->src/main/AndroidManifest.xml:10:9-43
26        android:label="@string/app_name"
26-->src/main/AndroidManifest.xml:11:9-41
27        android:theme="@style/AppTheme" >
27-->src/main/AndroidManifest.xml:12:9-40
28        <meta-data
28-->src/main/AndroidManifest.xml:15:9-83
29            android:name="android.app.lib_name"
29-->src/main/AndroidManifest.xml:15:20-55
30            android:value="vanguard" />
30-->src/main/AndroidManifest.xml:15:56-80
31
32        <activity
32-->src/main/AndroidManifest.xml:17:9-28:20
33            android:name="com.vanguard.engine.MainActivity"
33-->src/main/AndroidManifest.xml:18:13-41
34            android:configChanges="orientation|screenSize|keyboardHidden|navigation|density|fontScale"
34-->src/main/AndroidManifest.xml:20:13-103
35            android:enableVrMode="true"
35-->src/main/AndroidManifest.xml:23:13-40
36            android:exported="true"
36-->src/main/AndroidManifest.xml:19:13-36
37            android:hardwareAccelerated="true"
37-->src/main/AndroidManifest.xml:22:13-47
38            android:screenOrientation="landscape" >
38-->src/main/AndroidManifest.xml:21:13-50
39            <intent-filter>
39-->src/main/AndroidManifest.xml:24:13-27:29
40                <action android:name="android.intent.action.MAIN" />
40-->src/main/AndroidManifest.xml:25:17-69
40-->src/main/AndroidManifest.xml:25:25-66
41
42                <category android:name="android.intent.category.LAUNCHER" />
42-->src/main/AndroidManifest.xml:26:17-77
42-->src/main/AndroidManifest.xml:26:27-74
43            </intent-filter>
44        </activity>
45    </application>
46
47</manifest>